[17:39:21] [ServerMain/INFO]: Environment: authHost='https://authserver.mojang.com', accountsHost='https://api.mojang.com', sessionHost='https://sessionserver.mojang.com', servicesHost='https://api.minecraftservices.com', name='PROD'
[17:39:21] [ServerMain/INFO]: Found new data pack file/bukkit, loading it automatically
[17:39:21] [ServerMain/INFO]: Loaded 7 recipes
[17:39:22] [Server thread/INFO]: Starting minecraft server version 1.19.4
[17:39:22] [Server thread/INFO]: Loading properties
[17:39:22] [Server thread/INFO]: This server is running Paper version git-Paper-466 (MC: 1.19.4) (Implementing API version 1.19.4-R0.1-SNAPSHOT) (Git: 7af4cd3)
[17:39:22] [Server thread/INFO]: Server Ping Player Sample Count: 12
[17:39:22] [Server thread/INFO]: Using 4 threads for Netty based IO
[17:39:22] [Server thread/INFO]: [ChunkTaskScheduler] Chunk system is using 1 I/O threads, 3 worker threads, and gen parallelism of 3 threads
[17:39:22] [Server thread/INFO]: Default game type: SURVIVAL
[17:39:22] [Server thread/INFO]: Generating keypair
[17:39:22] [Server thread/INFO]: Starting Minecraft server on *:25565
[17:39:22] [Server thread/INFO]: Using epoll channel type
[17:39:22] [Server thread/INFO]: Paper: Using libdeflate (Linux x86_64) compression from Velocity.
[17:39:22] [Server thread/INFO]: Paper: Using Java cipher from Velocity.
[17:39:22] [Server thread/INFO]: Preparing level "world"
[17:39:24] [Server thread/INFO]: Preparing start region for dimension minecraft:overworld
[17:39:24] [Server thread/INFO]: Time elapsed: 60 ms
[17:39:24] [Server thread/INFO]: Preparing start region for dimension minecraft:the_nether
[17:39:24] [Server thread/INFO]: Time elapsed: 46 ms
[17:39:24] [Server thread/INFO]: Preparing start region for dimension minecraft:the_end
[17:39:24] [Server thread/INFO]: Time elapsed: 26 ms
[17:39:24] [Server thread/INFO]: Running delayed init tasks
[17:39:24] [Server thread/INFO]: Done (2.713s)! For help, type "help"
[17:39:24] [Server thread/INFO]: Timings Reset
